2020-03-08 15:36:25.502
 LEVEL   TYPE    NAME            VALUE   SUMMARY                DESCRIPTION                                    
---------------------------------------------------------------------------------------------------------------
 0       boolea  unsafe          false   Option to support sys  This option enables to proxy functionality of  
         n                               tem-level class        JVM classes. Due to serious security risk a JV 
                                                                M crash is possibly be introduced. Do not acti 
                                                                vate it unless you are able to manage.         
 1       boolea  dump            false   Option to dump the en  This option enables the enhanced classes to be 
         n                               hanced classes          dumped to external file for further de-compil 
                                                                ation and analysis.                            
 1       boolea  batch-re-trans  true    Option to support bat  This options enables to reTransform classes wi 
         n       form                    ch reTransform Class   th batch mode.                                 
 2       boolea  json-format     false   Option to support JSO  This option enables to format object output wi 
         n                               N format of object ou  th JSON when -x option selected.               
                                         tput                                                                  
 1       boolea  disable-sub-cl  false   Option to control inc  This option disable to include sub class when  
         n       ass                     lude sub class when c  matching class.                                
                                         lass matching                                                         
 1       boolea  debug-for-asm   false   Option to print DEBUG  This option enables to print DEBUG message of  
         n                                message if ASM is in  ASM for each method invocation.                
                                         volved                                                                
 1       boolea  save-result     true    Option to print comma  This option enables to save each command's res 
         n                               nd's result to log fi  ult to log file, which path is ${user.home}/lo 
                                         le                     gs/arthas-cache/result.log.                    
 2       String  job-timeout     1d      Option to job timeout  This option setting job timeout,The unit can b 
                                                                e d, h, m, s for day, hour, minute, second. 1d 
                                                                 is one day in default                         
 1       boolea  print-parent-f  true    Option to print all f  This option enables print files in parent clas 
         n       ields                   ileds in parent class  s, default value true.                         

2020-03-08 15:37:09.933
Affect(class-cnt:7 , method-cnt:185) cost in 411 ms.

2020-03-08 15:37:15.779
`---ts=2020-03-08 15:37:15;thread_name=http-nio-8080-exec-3;id=25;is_daemon=true;priority=5;TCCL=org.springframework.boot.context.embedded.tomcat.TomcatEmbeddedWebappClassLoader@bc3b152
    `---[18.234702ms] javax.servlet.http.HttpServlet:service()
        `---[17.969951ms] javax.servlet.http.HttpServlet:service() #742
            `---[17.220184ms] org.springframework.web.servlet.FrameworkServlet:service()
                +---[0.034644ms] javax.servlet.http.HttpServletRequest:getMethod() #841
                +---[0.021151ms] org.springframework.http.HttpMethod:resolve() #841
                `---[16.966008ms] org.springframework.web.servlet.HttpServletBean:service() #846
                    `---[16.864264ms] javax.servlet.http.HttpServlet:service()
                        +---[0.066735ms] javax.servlet.http.HttpServletRequest:getMethod() #628
                        +---[0.191817ms] javax.servlet.http.HttpServlet:getLastModified() #631
                        |   `---[0.099556ms] javax.servlet.http.HttpServlet:getLastModified()
                        `---[16.406966ms] javax.servlet.http.HttpServlet:doGet() #635
                            `---[16.288812ms] org.springframework.web.servlet.FrameworkServlet:doGet()
                                `---[16.134191ms] org.springframework.web.servlet.FrameworkServlet:processRequest() #861
                                    `---[15.952219ms] org.springframework.web.servlet.FrameworkServlet:processRequest()
                                        +---[0.041208ms] org.springframework.context.i18n.LocaleContextHolder:getLocaleContext() #958
                                        +---[1.041139ms] org.springframework.web.servlet.FrameworkServlet:buildLocaleContext() #959
                                        |   `---[0.278245ms] org.springframework.web.servlet.DispatcherServlet:buildLocaleContext()
                                        |       `---[0.031727ms] org.springframework.web.servlet.DispatcherServlet$1:<init>() #1076
                                        +---[0.018598ms] org.springframework.web.context.request.RequestContextHolder:getRequestAttributes() #961
                                        +---[0.332945ms] org.springframework.web.servlet.FrameworkServlet:buildRequestAttributes() #962
                                        |   `---[0.213333ms] org.springframework.web.servlet.FrameworkServlet:buildRequestAttributes()
                                        |       `---[0.020786ms] org.springframework.web.context.request.ServletRequestAttributes:<init>() #1035
                                        +---[0.033914ms] org.springframework.web.context.request.async.WebAsyncUtils:getAsyncManager() #964
                                        +---[0.01641ms] org.springframework.web.servlet.FrameworkServlet$RequestBindingInterceptor:<init>() #965
                                        +---[0.026256ms] org.springframework.web.context.request.async.WebAsyncManager:registerCallableInterceptor() #965
                                        +---[0.781857ms] org.springframework.web.servlet.FrameworkServlet:initContextHolders() #967
                                        |   `---[0.574358ms] org.springframework.web.servlet.FrameworkServlet:initContextHolders()
                                        |       +---[0.044125ms] org.springframework.context.i18n.LocaleContextHolder:setLocaleContext() #1046
                                        |       +---[0.035737ms] org.springframework.web.context.request.RequestContextHolder:setRequestAttributes() #1049
                                        |       `---[0.051784ms] org.apache.commons.logging.Log:isTraceEnabled() #1051
                                        +---[11.076552ms] org.springframework.web.servlet.FrameworkServlet:doService() #970
                                        |   `---[10.923754ms] org.springframework.web.servlet.DispatcherServlet:doService()
                                        |       +---[0.03902ms] org.apache.commons.logging.Log:isDebugEnabled() #867
                                        |       +---[0.03902ms] org.springframework.web.util.WebUtils:isIncludeRequest() #876
                                        |       +---[0.489026ms] org.springframework.web.servlet.DispatcherServlet:getWebApplicationContext() #888
                                        |       |   `---[0.332217ms] org.springframework.web.servlet.FrameworkServlet:getWebApplicationContext()
                                        |       +---[0.066005ms] javax.servlet.http.HttpServletRequest:setAttribute() #888
                                        |       +---[0.015681ms] javax.servlet.http.HttpServletRequest:setAttribute() #889
                                        |       +---[0.010575ms] javax.servlet.http.HttpServletRequest:setAttribute() #890
                                        |       +---[0.453652ms] org.springframework.web.servlet.DispatcherServlet:getThemeSource() #891
                                        |       |   `---[0.359567ms] org.springframework.web.servlet.DispatcherServlet:getThemeSource()
                                        |       |       +---[0.179054ms] org.springframework.web.servlet.DispatcherServlet:getWebApplicationContext() #771
                                        |       |       |   `---[0.126905ms] org.springframework.web.servlet.FrameworkServlet:getWebApplicationContext()
                                        |       |       `---[0.089345ms] org.springframework.web.servlet.DispatcherServlet:getWebApplicationContext() #772
                                        |       |           `---[0.043032ms] org.springframework.web.servlet.FrameworkServlet:getWebApplicationContext()
                                        |       +---[0.024068ms] javax.servlet.http.HttpServletRequest:setAttribute() #891
                                        |       +---[0.030632ms] org.springframework.web.servlet.FlashMapManager:retrieveAndUpdate() #893
                                        |       +---[0.02261ms] org.springframework.web.servlet.FlashMap:<init>() #897
                                        |       +---[0.015316ms] javax.servlet.http.HttpServletRequest:setAttribute() #897
                                        |       +---[0.009481ms] javax.servlet.http.HttpServletRequest:setAttribute() #898
                                        |       +---[9.095654ms] org.springframework.web.servlet.DispatcherServlet:doDispatch() #901
                                        |       |   `---[8.996827ms] org.springframework.web.servlet.DispatcherServlet:doDispatch()
                                        |       |       +---[0.029904ms] org.springframework.web.context.request.async.WebAsyncUtils:getAsyncManager() #929
                                        |       |       +---[0.263293ms] org.springframework.web.servlet.DispatcherServlet:checkMultipart() #936
                                        |       |       |   `---[0.133106ms] org.springframework.web.servlet.DispatcherServlet:checkMultipart()
                                        |       |       |       `---[0.024797ms] org.springframework.web.multipart.MultipartResolver:isMultipart() #1093
                                        |       |       +---[2.767862ms] org.springframework.web.servlet.DispatcherServlet:getHandler() #940
                                        |       |       |   `---[2.642779ms] org.springframework.web.servlet.DispatcherServlet:getHandler()
                                        |       |       |       +---[min=0.004376ms,max=0.03355ms,total=0.057983ms,count=4] org.apache.commons.logging.Log:isTraceEnabled() #1156
                                        |       |       |       `---[min=0.0609ms,max=1.243532ms,total=2.139531ms,count=4] org.springframework.web.servlet.HandlerMapping:getHandler() #1160
                                        |       |       +---[0.030998ms] org.springframework.web.servlet.HandlerExecutionChain:getHandler() #941
                                        |       |       +---[0.00547ms] org.springframework.web.servlet.HandlerExecutionChain:getHandler() #947
                                        |       |       +---[0.416821ms] org.springframework.web.servlet.DispatcherServlet:getHandlerAdapter() #947
                                        |       |       |   `---[0.260011ms] org.springframework.web.servlet.DispatcherServlet:getHandlerAdapter()
                                        |       |       |       +---[min=0.004741ms,max=0.009846ms,total=0.014587ms,count=2] org.apache.commons.logging.Log:isTraceEnabled() #1195
                                        |       |       |       `---[min=0.003646ms,max=0.018599ms,total=0.022245ms,count=2] org.springframework.web.servlet.HandlerAdapter:supports() #1198
                                        |       |       +---[0.020786ms] javax.servlet.http.HttpServletRequest:getMethod() #950
                                        |       |       +---[0.004011ms] org.springframework.web.servlet.HandlerExecutionChain:getHandler() #953
                                        |       |       +---[0.02735ms] org.springframework.web.servlet.HandlerAdapter:getLastModified() #953
                                        |       |       +---[0.014222ms] org.apache.commons.logging.Log:isDebugEnabled() #954
                                        |       |       +---[0.032091ms] org.springframework.web.context.request.ServletWebRequest:<init>() #957
                                        |       |       +---[0.039385ms] org.springframework.web.context.request.ServletWebRequest:checkNotModified() #957
                                        |       |       +---[0.099556ms] org.springframework.web.servlet.HandlerExecutionChain:applyPreHandle() #962
                                        |       |       +---[0.009846ms] org.springframework.web.servlet.HandlerExecutionChain:getHandler() #967
                                        |       |       +---[3.450528ms] org.springframework.web.servlet.HandlerAdapter:handle() #967
                                        |       |       +---[0.029539ms] org.springframework.web.context.request.async.WebAsyncManager:isConcurrentHandlingStarted() #969
                                        |       |       +---[0.345345ms] org.springframework.web.servlet.DispatcherServlet:applyDefaultViewName() #973
                                        |       |       |   `---[0.146598ms] org.springframework.web.servlet.DispatcherServlet:applyDefaultViewName()
                                        |       |       +---[0.042302ms] org.springframework.web.servlet.HandlerExecutionChain:applyPostHandle() #974
                                        |       |       +---[0.363942ms] org.springframework.web.servlet.DispatcherServlet:processDispatchResult() #984
                                        |       |       |   `---[0.236308ms] org.springframework.web.servlet.DispatcherServlet:processDispatchResult()
                                        |       |       |       +---[0.008388ms] org.apache.commons.logging.Log:isDebugEnabled() #1047
                                        |       |       |       +---[0.014587ms] org.springframework.web.context.request.async.WebAsyncUtils:getAsyncManager() #1053
                                        |       |       |       +---[0.003282ms] org.springframework.web.context.request.async.WebAsyncManager:isConcurrentHandlingStarted() #1053
                                        |       |       |       `---[0.015317ms] org.springframework.web.servlet.HandlerExecutionChain:triggerAfterCompletion() #1059
                                        |       |       `---[0.007658ms] org.springframework.web.context.request.async.WebAsyncManager:isConcurrentHandlingStarted() #994
                                        |       +---[0.010211ms] org.springframework.web.context.request.async.WebAsyncUtils:getAsyncManager() #904
                                        |       `---[0.002917ms] org.springframework.web.context.request.async.WebAsyncManager:isConcurrentHandlingStarted() #904
                                        +---[0.331122ms] org.springframework.web.servlet.FrameworkServlet:resetContextHolders() #986
                                        |   `---[0.159361ms] org.springframework.web.servlet.FrameworkServlet:resetContextHolders()
                                        |       +---[0.011669ms] org.springframework.context.i18n.LocaleContextHolder:setLocaleContext() #1059
                                        |       +---[0.006928ms] org.springframework.web.context.request.RequestContextHolder:setRequestAttributes() #1060
                                        |       `---[0.007294ms] org.apache.commons.logging.Log:isTraceEnabled() #1061
                                        +---[0.026256ms] org.springframework.web.context.request.ServletRequestAttributes:requestCompleted() #988
                                        +---[0.014952ms] org.apache.commons.logging.Log:isDebugEnabled() #991
                                        `---[1.541104ms] org.springframework.web.servlet.FrameworkServlet:publishRequestHandledEvent() #1005
                                            `---[1.371897ms] org.springframework.web.servlet.FrameworkServlet:publishRequestHandledEvent()
                                                +---[0.041208ms] javax.servlet.http.HttpServletResponse:getStatus() #1072
                                                +---[0.023703ms] javax.servlet.http.HttpServletRequest:getRequestURI() #1075
                                                +---[0.057618ms] javax.servlet.http.HttpServletRequest:getRemoteAddr() #1075
                                                +---[0.005105ms] javax.servlet.http.HttpServletRequest:getMethod() #1076
                                                +---[0.435054ms] org.springframework.web.servlet.FrameworkServlet:getServletConfig() #1076
                                                |   `---[0.113048ms] javax.servlet.GenericServlet:getServletConfig()
                                                +---[0.021516ms] javax.servlet.ServletConfig:getServletName() #1076
                                                +---[0.022975ms] org.springframework.web.util.WebUtils:getSessionId() #1077
                                                +---[0.243236ms] org.springframework.web.servlet.FrameworkServlet:getUsernameForRequest() #1077
                                                |   `---[0.121071ms] org.springframework.web.servlet.FrameworkServlet:getUsernameForRequest()
                                                |       `---[0.020057ms] javax.servlet.http.HttpServletRequest:getUserPrincipal() #1091
                                                +---[0.018963ms] org.springframework.web.context.support.ServletRequestHandledEvent:<init>() #1077
                                                `---[0.136388ms] org.springframework.web.context.WebApplicationContext:publishEvent() #1073


2020-03-08 15:37:15.849
`---ts=2020-03-08 15:37:15;thread_name=http-nio-8080-exec-3;id=25;is_daemon=true;priority=5;TCCL=org.springframework.boot.context.embedded.tomcat.TomcatEmbeddedWebappClassLoader@bc3b152
    `---[54.073589ms] javax.servlet.http.HttpServlet:service()
        `---[53.887241ms] javax.servlet.http.HttpServlet:service() #742
            `---[53.700893ms] org.springframework.web.servlet.FrameworkServlet:service()
                +---[0.052512ms] javax.servlet.http.HttpServletRequest:getMethod() #841
                +---[0.010575ms] org.springframework.http.HttpMethod:resolve() #841
                `---[53.424837ms] org.springframework.web.servlet.HttpServletBean:service() #846
                    `---[53.309236ms] javax.servlet.http.HttpServlet:service()
                        +---[0.009846ms] javax.servlet.http.HttpServletRequest:getMethod() #628
                        +---[0.163008ms] javax.servlet.http.HttpServlet:getLastModified() #631
                        |   `---[0.070017ms] javax.servlet.http.HttpServlet:getLastModified()
                        `---[52.971914ms] javax.servlet.http.HttpServlet:doGet() #635
                            `---[52.886216ms] org.springframework.web.servlet.FrameworkServlet:doGet()
                                `---[52.787755ms] org.springframework.web.servlet.FrameworkServlet:processRequest() #861
                                    `---[52.710079ms] org.springframework.web.servlet.FrameworkServlet:processRequest()
                                        +---[0.01714ms] org.springframework.context.i18n.LocaleContextHolder:getLocaleContext() #958
                                        +---[0.194735ms] org.springframework.web.servlet.FrameworkServlet:buildLocaleContext() #959
                                        |   `---[0.119612ms] org.springframework.web.servlet.DispatcherServlet:buildLocaleContext()
                                        |       `---[0.0062ms] org.springframework.web.servlet.DispatcherServlet$1:<init>() #1076
                                        +---[0.013128ms] org.springframework.web.context.request.RequestContextHolder:getRequestAttributes() #961
                                        +---[0.381448ms] org.springframework.web.servlet.FrameworkServlet:buildRequestAttributes() #962
                                        |   `---[0.239225ms] org.springframework.web.servlet.FrameworkServlet:buildRequestAttributes()
                                        |       `---[0.017139ms] org.springframework.web.context.request.ServletRequestAttributes:<init>() #1035
                                        +---[0.03829ms] org.springframework.web.context.request.async.WebAsyncUtils:getAsyncManager() #964
                                        +---[0.008388ms] org.springframework.web.servlet.FrameworkServlet$RequestBindingInterceptor:<init>() #965
                                        +---[0.057254ms] org.springframework.web.context.request.async.WebAsyncManager:registerCallableInterceptor() #965
                                        +---[0.595145ms] org.springframework.web.servlet.FrameworkServlet:initContextHolders() #967
                                        |   `---[0.370871ms] org.springframework.web.servlet.FrameworkServlet:initContextHolders()
                                        |       +---[0.022245ms] org.springframework.context.i18n.LocaleContextHolder:setLocaleContext() #1046
                                        |       +---[0.026257ms] org.springframework.web.context.request.RequestContextHolder:setRequestAttributes() #1049
                                        |       `---[0.022245ms] org.apache.commons.logging.Log:isTraceEnabled() #1051
                                        +---[49.204851ms] org.springframework.web.servlet.FrameworkServlet:doService() #970
                                        |   `---[49.064816ms] org.springframework.web.servlet.DispatcherServlet:doService()
                                        |       +---[0.054337ms] org.apache.commons.logging.Log:isDebugEnabled() #867
                                        |       +---[0.020787ms] org.springframework.web.util.WebUtils:isIncludeRequest() #876
                                        |       +---[0.207134ms] org.springframework.web.servlet.DispatcherServlet:getWebApplicationContext() #888
                                        |       |   `---[0.115966ms] org.springframework.web.servlet.FrameworkServlet:getWebApplicationContext()
                                        |       +---[0.061265ms] javax.servlet.http.HttpServletRequest:setAttribute() #888
                                        |       +---[0.053971ms] javax.servlet.http.HttpServletRequest:setAttribute() #889
                                        |       +---[0.043032ms] javax.servlet.http.HttpServletRequest:setAttribute() #890
                                        |       +---[0.676102ms] org.springframework.web.servlet.DispatcherServlet:getThemeSource() #891
                                        |       |   `---[0.571806ms] org.springframework.web.servlet.DispatcherServlet:getThemeSource()
                                        |       |       +---[0.178325ms] org.springframework.web.servlet.DispatcherServlet:getWebApplicationContext() #771
                                        |       |       |   `---[0.077675ms] org.springframework.web.servlet.FrameworkServlet:getWebApplicationContext()
                                        |       |       `---[0.176137ms] org.springframework.web.servlet.DispatcherServlet:getWebApplicationContext() #772
                                        |       |           `---[0.081687ms] org.springframework.web.servlet.FrameworkServlet:getWebApplicationContext()
                                        |       +---[0.039384ms] javax.servlet.http.HttpServletRequest:setAttribute() #891
                                        |       +---[0.036102ms] org.springframework.web.servlet.FlashMapManager:retrieveAndUpdate() #893
                                        |       +---[0.017505ms] org.springframework.web.servlet.FlashMap:<init>() #897
                                        |       +---[0.045219ms] javax.servlet.http.HttpServletRequest:setAttribute() #897
                                        |       +---[0.040843ms] javax.servlet.http.HttpServletRequest:setAttribute() #898
                                        |       +---[46.300602ms] org.springframework.web.servlet.DispatcherServlet:doDispatch() #901
                                        |       |   `---[46.02965ms] org.springframework.web.servlet.DispatcherServlet:doDispatch()
                                        |       |       +---[0.023703ms] org.springframework.web.context.request.async.WebAsyncUtils:getAsyncManager() #929
                                        |       |       +---[0.360296ms] org.springframework.web.servlet.DispatcherServlet:checkMultipart() #936
                                        |       |       |   `---[0.242871ms] org.springframework.web.servlet.DispatcherServlet:checkMultipart()
                                        |       |       |       `---[0.023339ms] org.springframework.web.multipart.MultipartResolver:isMultipart() #1093
                                        |       |       +---[7.025045ms] org.springframework.web.servlet.DispatcherServlet:getHandler() #940
                                        |       |       |   `---[6.901056ms] org.springframework.web.servlet.DispatcherServlet:getHandler()
                                        |       |       |       +---[min=0.017869ms,max=0.022245ms,total=0.040114ms,count=2] org.apache.commons.logging.Log:isTraceEnabled() #1156
                                        |       |       |       `---[min=0.233025ms,max=6.308829ms,total=6.541854ms,count=2] org.springframework.web.servlet.HandlerMapping:getHandler() #1160
                                        |       |       +---[0.020057ms] org.springframework.web.servlet.HandlerExecutionChain:getHandler() #941
                                        |       |       +---[0.00547ms] org.springframework.web.servlet.HandlerExecutionChain:getHandler() #947
                                        |       |       +---[0.26767ms] org.springframework.web.servlet.DispatcherServlet:getHandlerAdapter() #947
                                        |       |       |   `---[0.150245ms] org.springframework.web.servlet.DispatcherServlet:getHandlerAdapter()
                                        |       |       |       +---[0.012399ms] org.apache.commons.logging.Log:isTraceEnabled() #1195
                                        |       |       |       `---[0.006929ms] org.springframework.web.servlet.HandlerAdapter:supports() #1198
                                        |       |       +---[0.012399ms] javax.servlet.http.HttpServletRequest:getMethod() #950
                                        |       |       +---[0.004376ms] org.springframework.web.servlet.HandlerExecutionChain:getHandler() #953
                                        |       |       +---[0.005834ms] org.springframework.web.servlet.HandlerAdapter:getLastModified() #953
                                        |       |       +---[0.007293ms] org.apache.commons.logging.Log:isDebugEnabled() #954
                                        |       |       +---[0.014587ms] org.springframework.web.context.request.ServletWebRequest:<init>() #957
                                        |       |       +---[0.012034ms] org.springframework.web.context.request.ServletWebRequest:checkNotModified() #957
                                        |       |       +---[0.070746ms] org.springframework.web.servlet.HandlerExecutionChain:applyPreHandle() #962
                                        |       |       +---[0.004376ms] org.springframework.web.servlet.HandlerExecutionChain:getHandler() #967
                                        |       |       +---[15.487992ms] org.springframework.web.servlet.HandlerAdapter:handle() #967
                                        |       |       +---[0.0062ms] org.springframework.web.context.request.async.WebAsyncManager:isConcurrentHandlingStarted() #969
                                        |       |       +---[0.343886ms] org.springframework.web.servlet.DispatcherServlet:applyDefaultViewName() #973
                                        |       |       |   `---[0.218074ms] org.springframework.web.servlet.DispatcherServlet:applyDefaultViewName()
                                        |       |       |       `---[0.035009ms] org.springframework.web.servlet.ModelAndView:hasView() #1013
                                        |       |       +---[0.024433ms] org.springframework.web.servlet.HandlerExecutionChain:applyPostHandle() #974
                                        |       |       +---[21.529515ms] org.springframework.web.servlet.DispatcherServlet:processDispatchResult() #984
                                        |       |       |   `---[21.353379ms] org.springframework.web.servlet.DispatcherServlet:processDispatchResult()
                                        |       |       |       +---[0.028809ms] org.springframework.web.servlet.ModelAndView:wasCleared() #1040
                                        |       |       |       +---[20.763704ms] org.springframework.web.servlet.DispatcherServlet:render() #1041
                                        |       |       |       |   `---[20.60179ms] org.springframework.web.servlet.DispatcherServlet:render()
                                        |       |       |       |       +---[0.047407ms] org.springframework.web.servlet.LocaleResolver:resolveLocale() #1257
                                        |       |       |       |       +---[0.137481ms] javax.servlet.http.HttpServletResponse:setLocale() #1258
                                        |       |       |       |       +---[0.030632ms] org.springframework.web.servlet.ModelAndView:isReference() #1261
                                        |       |       |       |       +---[0.195464ms] org.springframework.web.servlet.ModelAndView:getViewName() #1263
                                        |       |       |       |       +---[0.05616ms] org.springframework.web.servlet.ModelAndView:getModelInternal() #1263
                                        |       |       |       |       +---[16.278236ms] org.springframework.web.servlet.DispatcherServlet:resolveViewName() #1263
                                        |       |       |       |       |   `---[15.749826ms] org.springframework.web.servlet.DispatcherServlet:resolveViewName()
                                        |       |       |       |       |       `---[15.483616ms] org.springframework.web.servlet.ViewResolver:resolveViewName() #1325
                                        |       |       |       |       |           +---[0.08898ms] javax.servlet.GenericServlet:<init>()
                                        |       |       |       |       |           +---[min=0.06637ms,max=0.073299ms,total=0.139669ms,count=2] org.springframework.web.servlet.view.freemarker.FreeMarkerView$GenericServletAdapter:<init>()
                                        |       |       |       |       |           +---[0.207863ms] javax.servlet.GenericServlet:init()
                                        |       |       |       |       |           |   `---[0.114507ms] javax.servlet.GenericServlet:init() #158
                                        |       |       |       |       |           |       `---[0.043761ms] javax.servlet.GenericServlet:init()
                                        |       |       |       |       |           `---[0.23266ms] javax.servlet.GenericServlet:getServletContext()
                                        |       |       |       |       |               +---[0.113778ms] javax.servlet.GenericServlet:getServletConfig() #123
                                        |       |       |       |       |               |   `---[0.047408ms] javax.servlet.GenericServlet:getServletConfig()
                                        |       |       |       |       |               `---[0.020421ms] javax.servlet.ServletConfig:getServletContext() #123
                                        |       |       |       |       +---[0.013493ms] org.apache.commons.logging.Log:isDebugEnabled() #1279
                                        |       |       |       |       +---[0.025892ms] org.springframework.web.servlet.ModelAndView:getStatus() #1283
                                        |       |       |       |       +---[0.005835ms] org.springframework.web.servlet.ModelAndView:getModelInternal() #1286
                                        |       |       |       |       `---[2.686175ms] org.springframework.web.servlet.View:render() #1286
                                        |       |       |       +---[0.028444ms] org.springframework.web.context.request.async.WebAsyncUtils:getAsyncManager() #1053
                                        |       |       |       +---[0.009117ms] org.springframework.web.context.request.async.WebAsyncManager:isConcurrentHandlingStarted() #1053
                                        |       |       |       `---[0.043396ms] org.springframework.web.servlet.HandlerExecutionChain:triggerAfterCompletion() #1059
                                        |       |       `---[0.009482ms] org.springframework.web.context.request.async.WebAsyncManager:isConcurrentHandlingStarted() #994
                                        |       +---[0.08351ms] org.springframework.web.context.request.async.WebAsyncUtils:getAsyncManager() #904
                                        |       `---[0.017869ms] org.springframework.web.context.request.async.WebAsyncManager:isConcurrentHandlingStarted() #904
                                        +---[0.621766ms] org.springframework.web.servlet.FrameworkServlet:resetContextHolders() #986
                                        |   `---[0.453652ms] org.springframework.web.servlet.FrameworkServlet:resetContextHolders()
                                        |       +---[0.051419ms] org.springframework.context.i18n.LocaleContextHolder:setLocaleContext() #1059
                                        |       +---[0.026986ms] org.springframework.web.context.request.RequestContextHolder:setRequestAttributes() #1060
                                        |       `---[0.016046ms] org.apache.commons.logging.Log:isTraceEnabled() #1061
                                        +---[0.022245ms] org.springframework.web.context.request.ServletRequestAttributes:requestCompleted() #988
                                        +---[0.01167ms] org.apache.commons.logging.Log:isDebugEnabled() #991
                                        `---[1.023635ms] org.springframework.web.servlet.FrameworkServlet:publishRequestHandledEvent() #1005
                                            `---[0.901834ms] org.springframework.web.servlet.FrameworkServlet:publishRequestHandledEvent()
                                                +---[0.010576ms] javax.servlet.http.HttpServletResponse:getStatus() #1072
                                                +---[0.005835ms] javax.servlet.http.HttpServletRequest:getRequestURI() #1075
                                                +---[0.008023ms] javax.servlet.http.HttpServletRequest:getRemoteAddr() #1075
                                                +---[0.009481ms] javax.servlet.http.HttpServletRequest:getMethod() #1076
                                                +---[0.145869ms] org.springframework.web.servlet.FrameworkServlet:getServletConfig() #1076
                                                |   `---[0.080593ms] javax.servlet.GenericServlet:getServletConfig()
                                                +---[0.008752ms] javax.servlet.ServletConfig:getServletName() #1076
                                                +---[0.019692ms] org.springframework.web.util.WebUtils:getSessionId() #1077
                                                +---[0.173219ms] org.springframework.web.servlet.FrameworkServlet:getUsernameForRequest() #1077
                                                |   `---[0.099191ms] org.springframework.web.servlet.FrameworkServlet:getUsernameForRequest()
                                                |       `---[0.009116ms] javax.servlet.http.HttpServletRequest:getUserPrincipal() #1091
                                                +---[0.010211ms] org.springframework.web.context.support.ServletRequestHandledEvent:<init>() #1077
                                                `---[0.153892ms] org.springframework.web.context.WebApplicationContext:publishEvent() #1073


2020-03-08 15:37:15.965
`---ts=2020-03-08 15:37:15;thread_name=http-nio-8080-exec-2;id=24;is_daemon=true;priority=5;TCCL=org.springframework.boot.context.embedded.tomcat.TomcatEmbeddedWebappClassLoader@bc3b152
    `---[26.628727ms] javax.servlet.http.HttpServlet:service()
        `---[26.28484ms] javax.servlet.http.HttpServlet:service() #742
            `---[26.062026ms] org.springframework.web.servlet.FrameworkServlet:service()
                +---[0.215886ms] javax.servlet.http.HttpServletRequest:getMethod() #841
                +---[0.009482ms] org.springframework.http.HttpMethod:resolve() #841
                `---[25.59488ms] org.springframework.web.servlet.HttpServletBean:service() #846
                    `---[25.457764ms] javax.servlet.http.HttpServlet:service()
                        +---[0.012399ms] javax.servlet.http.HttpServletRequest:getMethod() #628
                        +---[0.146598ms] javax.servlet.http.HttpServlet:getLastModified() #631
                        |   `---[0.074393ms] javax.servlet.http.HttpServlet:getLastModified()
                        `---[25.113878ms] javax.servlet.http.HttpServlet:doGet() #635
                            `---[25.019428ms] org.springframework.web.servlet.FrameworkServlet:doGet()
                                `---[24.895075ms] org.springframework.web.servlet.FrameworkServlet:processRequest() #861
                                    `---[24.792237ms] org.springframework.web.servlet.FrameworkServlet:processRequest()
                                        +---[0.007658ms] org.springframework.context.i18n.LocaleContextHolder:getLocaleContext() #958
                                        +---[0.236672ms] org.springframework.web.servlet.FrameworkServlet:buildLocaleContext() #959
                                        |   `---[0.15608ms] org.springframework.web.servlet.DispatcherServlet:buildLocaleContext()
                                        |       `---[0.016046ms] org.springframework.web.servlet.DispatcherServlet$1:<init>() #1076
                                        +---[0.009846ms] org.springframework.web.context.request.RequestContextHolder:getRequestAttributes() #961
                                        +---[0.365037ms] org.springframework.web.servlet.FrameworkServlet:buildRequestAttributes() #962
                                        |   `---[0.223908ms] org.springframework.web.servlet.FrameworkServlet:buildRequestAttributes()
                                        |       `---[0.01714ms] org.springframework.web.context.request.ServletRequestAttributes:<init>() #1035
                                        +---[0.123624ms] org.springframework.web.context.request.async.WebAsyncUtils:getAsyncManager() #964
                                        +---[0.007294ms] org.springframework.web.servlet.FrameworkServlet$RequestBindingInterceptor:<init>() #965
                                        +---[0.014586ms] org.springframework.web.context.request.async.WebAsyncManager:registerCallableInterceptor() #965
                                        +---[0.431407ms] org.springframework.web.servlet.FrameworkServlet:initContextHolders() #967
                                        |   `---[0.272774ms] org.springframework.web.servlet.FrameworkServlet:initContextHolders()
                                        |       +---[0.018234ms] org.springframework.context.i18n.LocaleContextHolder:setLocaleContext() #1046
                                        |       +---[0.020786ms] org.springframework.web.context.request.RequestContextHolder:setRequestAttributes() #1049
                                        |       `---[0.013858ms] org.apache.commons.logging.Log:isTraceEnabled() #1051
                                        +---[21.336969ms] org.springframework.web.servlet.FrameworkServlet:doService() #970
                                        |   `---[21.226108ms] org.springframework.web.servlet.DispatcherServlet:doService()
                                        |       +---[0.010576ms] org.apache.commons.logging.Log:isDebugEnabled() #867
                                        |       +---[0.105755ms] org.springframework.web.util.WebUtils:isIncludeRequest() #876
                                        |       +---[0.168114ms] org.springframework.web.servlet.DispatcherServlet:getWebApplicationContext() #888
                                        |       |   `---[0.085698ms] org.springframework.web.servlet.FrameworkServlet:getWebApplicationContext()
                                        |       +---[0.027715ms] javax.servlet.http.HttpServletRequest:setAttribute() #888
                                        |       +---[0.017869ms] javax.servlet.http.HttpServletRequest:setAttribute() #889
                                        |       +---[0.013858ms] javax.servlet.http.HttpServletRequest:setAttribute() #890
                                        |       +---[0.495225ms] org.springframework.web.servlet.DispatcherServlet:getThemeSource() #891
                                        |       |   `---[0.419373ms] org.springframework.web.servlet.DispatcherServlet:getThemeSource()
                                        |       |       +---[0.144046ms] org.springframework.web.servlet.DispatcherServlet:getWebApplicationContext() #771
                                        |       |       |   `---[0.068923ms] org.springframework.web.servlet.FrameworkServlet:getWebApplicationContext()
                                        |       |       `---[0.118884ms] org.springframework.web.servlet.DispatcherServlet:getWebApplicationContext() #772
                                        |       |           `---[0.055795ms] org.springframework.web.servlet.FrameworkServlet:getWebApplicationContext()
                                        |       +---[0.016045ms] javax.servlet.http.HttpServletRequest:setAttribute() #891
                                        |       +---[0.018963ms] org.springframework.web.servlet.FlashMapManager:retrieveAndUpdate() #893
                                        |       +---[0.009482ms] org.springframework.web.servlet.FlashMap:<init>() #897
                                        |       +---[0.012034ms] javax.servlet.http.HttpServletRequest:setAttribute() #897
                                        |       +---[0.007659ms] javax.servlet.http.HttpServletRequest:setAttribute() #898
                                        |       +---[19.772524ms] org.springframework.web.servlet.DispatcherServlet:doDispatch() #901
                                        |       |   `---[19.665676ms] org.springframework.web.servlet.DispatcherServlet:doDispatch()
                                        |       |       +---[0.017139ms] org.springframework.web.context.request.async.WebAsyncUtils:getAsyncManager() #929
                                        |       |       +---[0.190359ms] org.springframework.web.servlet.DispatcherServlet:checkMultipart() #936
                                        |       |       |   `---[0.111954ms] org.springframework.web.servlet.DispatcherServlet:checkMultipart()
                                        |       |       |       `---[0.010575ms] org.springframework.web.multipart.MultipartResolver:isMultipart() #1093
                                        |       |       +---[0.847133ms] org.springframework.web.servlet.DispatcherServlet:getHandler() #940
                                        |       |       |   `---[0.761071ms] org.springframework.web.servlet.DispatcherServlet:getHandler()
                                        |       |       |       +---[0.01167ms] org.apache.commons.logging.Log:isTraceEnabled() #1156
                                        |       |       |       `---[0.598427ms] org.springframework.web.servlet.HandlerMapping:getHandler() #1160
                                        |       |       +---[0.006564ms] org.springframework.web.servlet.HandlerExecutionChain:getHandler() #941
                                        |       |       +---[0.031362ms] org.springframework.web.servlet.HandlerExecutionChain:getHandler() #947
                                        |       |       +---[0.332217ms] org.springframework.web.servlet.DispatcherServlet:getHandlerAdapter() #947
                                        |       |       |   `---[0.213698ms] org.springframework.web.servlet.DispatcherServlet:getHandlerAdapter()
                                        |       |       |       +---[min=0.006929ms,max=0.012398ms,total=0.019327ms,count=2] org.apache.commons.logging.Log:isTraceEnabled() #1195
                                        |       |       |       `---[min=0.005105ms,max=0.005835ms,total=0.01094ms,count=2] org.springframework.web.servlet.HandlerAdapter:supports() #1198
                                        |       |       +---[0.009482ms] javax.servlet.http.HttpServletRequest:getMethod() #950
                                        |       |       +---[0.00547ms] org.springframework.web.servlet.HandlerExecutionChain:getHandler() #953
                                        |       |       +---[0.00547ms] org.springframework.web.servlet.HandlerAdapter:getLastModified() #953
                                        |       |       +---[0.024797ms] org.apache.commons.logging.Log:isDebugEnabled() #954
                                        |       |       +---[0.014587ms] org.springframework.web.context.request.ServletWebRequest:<init>() #957
                                        |       |       +---[0.020057ms] org.springframework.web.context.request.ServletWebRequest:checkNotModified() #957
                                        |       |       +---[0.041208ms] org.springframework.web.servlet.HandlerExecutionChain:applyPreHandle() #962
                                        |       |       +---[0.004377ms] org.springframework.web.servlet.HandlerExecutionChain:getHandler() #967
                                        |       |       +---[16.192903ms] org.springframework.web.servlet.HandlerAdapter:handle() #967
                                        |       |       +---[0.012399ms] org.springframework.web.context.request.async.WebAsyncManager:isConcurrentHandlingStarted() #969
                                        |       |       +---[0.237402ms] org.springframework.web.servlet.DispatcherServlet:applyDefaultViewName() #973
                                        |       |       |   `---[0.11159ms] org.springframework.web.servlet.DispatcherServlet:applyDefaultViewName()
                                        |       |       +---[0.014222ms] org.springframework.web.servlet.HandlerExecutionChain:applyPostHandle() #974
                                        |       |       +---[0.532057ms] org.springframework.web.servlet.DispatcherServlet:processDispatchResult() #984
                                        |       |       |   `---[0.353367ms] org.springframework.web.servlet.DispatcherServlet:processDispatchResult()
                                        |       |       |       +---[0.08351ms] org.apache.commons.logging.Log:isDebugEnabled() #1047
                                        |       |       |       +---[0.030997ms] org.springframework.web.context.request.async.WebAsyncUtils:getAsyncManager() #1053
                                        |       |       |       +---[0.002917ms] org.springframework.web.context.request.async.WebAsyncManager:isConcurrentHandlingStarted() #1053
                                        |       |       |       `---[0.010575ms] org.springframework.web.servlet.HandlerExecutionChain:triggerAfterCompletion() #1059
                                        |       |       `---[0.026621ms] org.springframework.web.context.request.async.WebAsyncManager:isConcurrentHandlingStarted() #994
                                        |       +---[0.010211ms] org.springframework.web.context.request.async.WebAsyncUtils:getAsyncManager() #904
                                        |       `---[0.0062ms] org.springframework.web.context.request.async.WebAsyncManager:isConcurrentHandlingStarted() #904
                                        +---[0.452559ms] org.springframework.web.servlet.FrameworkServlet:resetContextHolders() #986
                                        |   `---[0.280433ms] org.springframework.web.servlet.FrameworkServlet:resetContextHolders()
                                        |       +---[0.018963ms] org.springframework.context.i18n.LocaleContextHolder:setLocaleContext() #1059
                                        |       +---[0.026257ms] org.springframework.web.context.request.RequestContextHolder:setRequestAttributes() #1060
                                        |       `---[0.012034ms] org.apache.commons.logging.Log:isTraceEnabled() #1061
                                        +---[0.030998ms] org.springframework.web.context.request.ServletRequestAttributes:requestCompleted() #988
                                        +---[0.01094ms] org.apache.commons.logging.Log:isDebugEnabled() #991
                                        `---[1.199772ms] org.springframework.web.servlet.FrameworkServlet:publishRequestHandledEvent() #1005
                                            `---[1.056455ms] org.springframework.web.servlet.FrameworkServlet:publishRequestHandledEvent()
                                                +---[0.018233ms] javax.servlet.http.HttpServletResponse:getStatus() #1072
                                                +---[0.030997ms] javax.servlet.http.HttpServletRequest:getRequestURI() #1075
                                                +---[0.020422ms] javax.servlet.http.HttpServletRequest:getRemoteAddr() #1075
                                                +---[0.01021ms] javax.servlet.http.HttpServletRequest:getMethod() #1076
                                                +---[0.168843ms] org.springframework.web.servlet.FrameworkServlet:getServletConfig() #1076
                                                |   `---[0.074393ms] javax.servlet.GenericServlet:getServletConfig()
                                                +---[0.015316ms] javax.servlet.ServletConfig:getServletName() #1076
                                                +---[0.023703ms] org.springframework.web.util.WebUtils:getSessionId() #1077
                                                +---[0.240319ms] org.springframework.web.servlet.FrameworkServlet:getUsernameForRequest() #1077
                                                |   `---[0.132741ms] org.springframework.web.servlet.FrameworkServlet:getUsernameForRequest()
                                                |       `---[0.009846ms] javax.servlet.http.HttpServletRequest:getUserPrincipal() #1091
                                                +---[0.015316ms] org.springframework.web.context.support.ServletRequestHandledEvent:<init>() #1077
                                                `---[0.075122ms] org.springframework.web.context.WebApplicationContext:publishEvent() #1073


